2017-06-08 21:26:41 [scrapy.utils.log] INFO: Scrapy 1.3.3 started (bot: byrbbs)
2017-06-08 21:26:41 [scrapy.utils.log] INFO: Overridden settings: {'BOT_NAME': 'byrbbs', 'LOG_FILE': '../log/scrapy-articlehour-2017-06-08-21-26-41.log', 'LOG_LEVEL': 'INFO', 'NEWSPIDER_MODULE': 'byrbbs.spiders', 'ROBOTSTXT_OBEY': True, 'SPIDER_MODULES': ['byrbbs.spiders']}
2017-06-08 21:26:41 [scrapy.middleware] INFO: Enabled extensions:
['scrapy.extensions.corestats.CoreStats',
 'scrapy.extensions.telnet.TelnetConsole',
 'scrapy.extensions.logstats.LogStats']
2017-06-08 21:26:41 [scrapy.middleware] INFO: Enabled downloader middlewares:
['scrapy.downloadermiddlewares.robotstxt.RobotsTxtMiddleware',
 'scrapy.downloadermiddlewares.httpauth.HttpAuthMiddleware',
 'scrapy.downloadermiddlewares.downloadtimeout.DownloadTimeoutMiddleware',
 'scrapy.downloadermiddlewares.defaultheaders.DefaultHeadersMiddleware',
 'scrapy.downloadermiddlewares.useragent.UserAgentMiddleware',
 'scrapy.downloadermiddlewares.retry.RetryMiddleware',
 'scrapy.downloadermiddlewares.redirect.MetaRefreshMiddleware',
 'scrapy.downloadermiddlewares.httpcompression.HttpCompressionMiddleware',
 'scrapy.downloadermiddlewares.redirect.RedirectMiddleware',
 'scrapy.downloadermiddlewares.cookies.CookiesMiddleware',
 'scrapy.downloadermiddlewares.stats.DownloaderStats']
2017-06-08 21:26:41 [scrapy.middleware] INFO: Enabled spider middlewares:
['scrapy.spidermiddlewares.httperror.HttpErrorMiddleware',
 'scrapy.spidermiddlewares.offsite.OffsiteMiddleware',
 'scrapy.spidermiddlewares.referer.RefererMiddleware',
 'scrapy.spidermiddlewares.urllength.UrlLengthMiddleware',
 'scrapy.spidermiddlewares.depth.DepthMiddleware']
2017-06-08 21:26:41 [scrapy.middleware] INFO: Enabled item pipelines:
['byrbbs.pipelines.ByrbbsSectionPipeline',
 'byrbbs.pipelines.ByrbbsArticlePipeline',
 'byrbbs.pipelines.ByrbbsArticleHourPipeline']
2017-06-08 21:26:41 [scrapy.core.engine] INFO: Spider opened
2017-06-08 21:26:41 [scrapy.extensions.logstats] INFO: Crawled 0 pages (at 0 pages/min), scraped 0 items (at 0 items/min)
2017-06-08 21:27:47 [scrapy.extensions.logstats] INFO: Crawled 98 pages (at 98 pages/min), scraped 951 items (at 951 items/min)
2017-06-08 21:28:48 [scrapy.extensions.logstats] INFO: Crawled 130 pages (at 32 pages/min), scraped 1886 items (at 935 items/min)
2017-06-08 21:29:49 [scrapy.extensions.logstats] INFO: Crawled 162 pages (at 32 pages/min), scraped 2812 items (at 926 items/min)
2017-06-08 21:30:49 [scrapy.extensions.logstats] INFO: Crawled 194 pages (at 32 pages/min), scraped 3749 items (at 937 items/min)
2017-06-08 21:31:50 [scrapy.extensions.logstats] INFO: Crawled 226 pages (at 32 pages/min), scraped 4668 items (at 919 items/min)
2017-06-08 21:32:49 [scrapy.extensions.logstats] INFO: Crawled 258 pages (at 32 pages/min), scraped 5555 items (at 887 items/min)
2017-06-08 21:33:49 [scrapy.extensions.logstats] INFO: Crawled 281 pages (at 23 pages/min), scraped 6496 items (at 941 items/min)
2017-06-08 21:34:47 [scrapy.extensions.logstats] INFO: Crawled 281 pages (at 0 pages/min), scraped 7402 items (at 906 items/min)
2017-06-08 21:35:43 [scrapy.extensions.logstats] INFO: Crawled 281 pages (at 0 pages/min), scraped 8237 items (at 835 items/min)
2017-06-08 21:35:50 [scrapy.core.engine] INFO: Closing spider (finished)
2017-06-08 21:35:50 [scrapy.statscollectors] INFO: Dumping Scrapy stats:
{'downloader/request_bytes': 133593,
 'downloader/request_count': 281,
 'downloader/request_method_count/GET': 280,
 'downloader/request_method_count/POST': 1,
 'downloader/response_bytes': 1976576,
 'downloader/response_count': 281,
 'downloader/response_status_count/200': 281,
 'dupefilter/filtered': 1413,
 'finish_reason': 'finished',
 'finish_time': datetime.datetime(2017, 6, 8, 13, 35, 50, 300603),
 'item_scraped_count': 8346,
 'log_count/INFO': 16,
 'request_depth_max': 1,
 'response_received_count': 281,
 'scheduler/dequeued': 280,
 'scheduler/dequeued/memory': 280,
 'scheduler/enqueued': 280,
 'scheduler/enqueued/memory': 280,
 'start_time': datetime.datetime(2017, 6, 8, 13, 26, 41, 562701)}
2017-06-08 21:35:50 [scrapy.core.engine] INFO: Spider closed (finished)
