2017-07-04 16:00:27 [scrapy.utils.log] INFO: Scrapy 1.4.0 started (bot: byrbbs)
2017-07-04 16:00:27 [scrapy.utils.log] INFO: Overridden settings: {'BOT_NAME': 'byrbbs', 'LOG_FILE': '../log/scrapy-articlehour-2017-07-04-16-00-26.log', 'LOG_LEVEL': 'INFO', 'NEWSPIDER_MODULE': 'byrbbs.spiders', 'ROBOTSTXT_OBEY': True, 'SPIDER_MODULES': ['byrbbs.spiders']}
2017-07-04 16:00:27 [scrapy.middleware] INFO: Enabled extensions:
['scrapy.extensions.corestats.CoreStats',
 'scrapy.extensions.telnet.TelnetConsole',
 'scrapy.extensions.memusage.MemoryUsage',
 'scrapy.extensions.logstats.LogStats']
2017-07-04 16:00:28 [scrapy.middleware] INFO: Enabled downloader middlewares:
['scrapy.downloadermiddlewares.robotstxt.RobotsTxtMiddleware',
 'scrapy.downloadermiddlewares.httpauth.HttpAuthMiddleware',
 'scrapy.downloadermiddlewares.downloadtimeout.DownloadTimeoutMiddleware',
 'scrapy.downloadermiddlewares.defaultheaders.DefaultHeadersMiddleware',
 'scrapy.downloadermiddlewares.useragent.UserAgentMiddleware',
 'scrapy.downloadermiddlewares.retry.RetryMiddleware',
 'scrapy.downloadermiddlewares.redirect.MetaRefreshMiddleware',
 'scrapy.downloadermiddlewares.httpcompression.HttpCompressionMiddleware',
 'scrapy.downloadermiddlewares.redirect.RedirectMiddleware',
 'scrapy.downloadermiddlewares.cookies.CookiesMiddleware',
 'scrapy.downloadermiddlewares.httpproxy.HttpProxyMiddleware',
 'scrapy.downloadermiddlewares.stats.DownloaderStats']
2017-07-04 16:00:28 [scrapy.middleware] INFO: Enabled spider middlewares:
['scrapy.spidermiddlewares.httperror.HttpErrorMiddleware',
 'scrapy.spidermiddlewares.offsite.OffsiteMiddleware',
 'scrapy.spidermiddlewares.referer.RefererMiddleware',
 'scrapy.spidermiddlewares.urllength.UrlLengthMiddleware',
 'scrapy.spidermiddlewares.depth.DepthMiddleware']
2017-07-04 16:00:28 [scrapy.middleware] INFO: Enabled item pipelines:
['byrbbs.pipelines.ByrbbsSectionPipeline',
 'byrbbs.pipelines.ByrbbsArticlePipeline',
 'byrbbs.pipelines.ByrbbsArticleHourPipeline']
2017-07-04 16:00:28 [scrapy.core.engine] INFO: Spider opened
2017-07-04 16:00:28 [scrapy.extensions.logstats] INFO: Crawled 0 pages (at 0 pages/min), scraped 0 items (at 0 items/min)
2017-07-04 16:01:32 [scrapy.extensions.logstats] INFO: Crawled 139 pages (at 139 pages/min), scraped 2013 items (at 2013 items/min)
2017-07-04 16:02:31 [scrapy.extensions.logstats] INFO: Crawled 205 pages (at 66 pages/min), scraped 4040 items (at 2027 items/min)
2017-07-04 16:03:31 [scrapy.extensions.logstats] INFO: Crawled 275 pages (at 70 pages/min), scraped 6109 items (at 2069 items/min)
2017-07-04 16:04:29 [scrapy.extensions.logstats] INFO: Crawled 278 pages (at 3 pages/min), scraped 8111 items (at 2002 items/min)
2017-07-04 16:04:33 [scrapy.core.engine] INFO: Closing spider (finished)
2017-07-04 16:04:33 [scrapy.statscollectors] INFO: Dumping Scrapy stats:
{'downloader/request_bytes': 132160,
 'downloader/request_count': 278,
 'downloader/request_method_count/GET': 277,
 'downloader/request_method_count/POST': 1,
 'downloader/response_bytes': 1958572,
 'downloader/response_count': 278,
 'downloader/response_status_count/200': 278,
 'finish_reason': 'finished',
 'finish_time': datetime.datetime(2017, 7, 4, 8, 4, 33, 572510),
 'item_scraped_count': 8260,
 'log_count/INFO': 11,
 'memusage/max': 157802496,
 'memusage/startup': 42967040,
 'request_depth_max': 1,
 'response_received_count': 278,
 'scheduler/dequeued': 277,
 'scheduler/dequeued/memory': 277,
 'scheduler/enqueued': 277,
 'scheduler/enqueued/memory': 277,
 'start_time': datetime.datetime(2017, 7, 4, 8, 0, 28, 445217)}
2017-07-04 16:04:33 [scrapy.core.engine] INFO: Spider closed (finished)
