2017-06-08 21:42:24 [scrapy.utils.log] INFO: Scrapy 1.3.3 started (bot: byrbbs)
2017-06-08 21:42:24 [scrapy.utils.log] INFO: Overridden settings: {'BOT_NAME': 'byrbbs', 'LOG_FILE': '../log/scrapy-section-2017-06-08-21-42-24.log', 'LOG_LEVEL': 'INFO', 'NEWSPIDER_MODULE': 'byrbbs.spiders', 'ROBOTSTXT_OBEY': True, 'SPIDER_MODULES': ['byrbbs.spiders']}
2017-06-08 21:42:24 [scrapy.middleware] INFO: Enabled extensions:
['scrapy.extensions.corestats.CoreStats',
 'scrapy.extensions.telnet.TelnetConsole',
 'scrapy.extensions.logstats.LogStats']
2017-06-08 21:42:25 [scrapy.middleware] INFO: Enabled downloader middlewares:
['scrapy.downloadermiddlewares.robotstxt.RobotsTxtMiddleware',
 'scrapy.downloadermiddlewares.httpauth.HttpAuthMiddleware',
 'scrapy.downloadermiddlewares.downloadtimeout.DownloadTimeoutMiddleware',
 'scrapy.downloadermiddlewares.defaultheaders.DefaultHeadersMiddleware',
 'scrapy.downloadermiddlewares.useragent.UserAgentMiddleware',
 'scrapy.downloadermiddlewares.retry.RetryMiddleware',
 'scrapy.downloadermiddlewares.redirect.MetaRefreshMiddleware',
 'scrapy.downloadermiddlewares.httpcompression.HttpCompressionMiddleware',
 'scrapy.downloadermiddlewares.redirect.RedirectMiddleware',
 'scrapy.downloadermiddlewares.cookies.CookiesMiddleware',
 'scrapy.downloadermiddlewares.stats.DownloaderStats']
2017-06-08 21:42:25 [scrapy.middleware] INFO: Enabled spider middlewares:
['scrapy.spidermiddlewares.httperror.HttpErrorMiddleware',
 'scrapy.spidermiddlewares.offsite.OffsiteMiddleware',
 'scrapy.spidermiddlewares.referer.RefererMiddleware',
 'scrapy.spidermiddlewares.urllength.UrlLengthMiddleware',
 'scrapy.spidermiddlewares.depth.DepthMiddleware']
2017-06-08 21:42:25 [scrapy.middleware] INFO: Enabled item pipelines:
['byrbbs.pipelines.ByrbbsSectionPipeline',
 'byrbbs.pipelines.ByrbbsArticlePipeline',
 'byrbbs.pipelines.ByrbbsArticleHourPipeline']
2017-06-08 21:42:25 [scrapy.core.engine] INFO: Spider opened
2017-06-08 21:42:25 [scrapy.extensions.logstats] INFO: Crawled 0 pages (at 0 pages/min), scraped 0 items (at 0 items/min)
2017-06-08 21:42:49 [scrapy.core.engine] INFO: Closing spider (finished)
2017-06-08 21:42:49 [scrapy.statscollectors] INFO: Dumping Scrapy stats:
{'downloader/request_bytes': 162364,
 'downloader/request_count': 323,
 'downloader/request_method_count/GET': 321,
 'downloader/request_method_count/POST': 2,
 'downloader/response_bytes': 1998577,
 'downloader/response_count': 323,
 'downloader/response_status_count/200': 301,
 'downloader/response_status_count/301': 22,
 'finish_reason': 'finished',
 'finish_time': datetime.datetime(2017, 6, 8, 13, 42, 49, 458219),
 'item_scraped_count': 279,
 'log_count/INFO': 7,
 'request_depth_max': 3,
 'response_received_count': 301,
 'scheduler/dequeued': 321,
 'scheduler/dequeued/memory': 321,
 'scheduler/enqueued': 321,
 'scheduler/enqueued/memory': 321,
 'start_time': datetime.datetime(2017, 6, 8, 13, 42, 25, 20309)}
2017-06-08 21:42:49 [scrapy.core.engine] INFO: Spider closed (finished)
